This file contains any messages produced by compilers while
running configure, to aid debugging if configure makes a mistake.

It was created by configure, which was
generated by GNU Autoconf 2.69.  Invocation command line was

  $ ./configure --with-cs-prefix=/opt/COMPSs//Bindings/c CXXFLAGS= -I/home/jorgee/git/compss/framework/tests/sources/sc/apps/c/matmul/matmul_objects/worker/gsbuild CFLAGS= -I/home/jorgee/git/compss/framework/tests/sources/sc/apps/c/matmul/matmul_objects/worker/gsbuild LDFLAGS= -L.

## --------- ##
## Platform. ##
## --------- ##

hostname = linux-rol5
uname -m = x86_64
uname -r = 4.12.14-lp150.12.82-default
uname -s = Linux
uname -v = #1 SMP Tue Nov 12 16:32:38 UTC 2019 (c939e24)

/usr/bin/uname -p = x86_64
/bin/uname -X     = unknown

/bin/arch              = x86_64
/usr/bin/arch -k       = unknown
/usr/convex/getsysinfo = unknown
/usr/bin/hostinfo      = unknown
/bin/machine           = unknown
/usr/bin/oslevel       = unknown
/bin/universe          = unknown

PATH: /usr/local/go/bin
PATH: /home/jorgee/Software/wxparaver-4.8.1-Linux_x86_64/bin
PATH: /home/jorgee/Software/mongodb-linux-x86_64-3.0.11/bin
PATH: /home/jorgee/Software/gradle-5.5.1//bin
PATH: /opt/ompss/bin/
PATH: /home/jorgee/anaconda3/condabin
PATH: /usr/local/go/bin
PATH: /home/jorgee/Software/wxparaver-4.8.1-Linux_x86_64/bin
PATH: /home/jorgee/Software/mongodb-linux-x86_64-3.0.11/bin
PATH: /home/jorgee/Software/gradle-5.5.1//bin
PATH: /opt/ompss/bin/
PATH: /usr/lib64/mpi/gcc/openmpi/bin
PATH: /home/jorgee/bin
PATH: /usr/local/bin
PATH: /usr/bin
PATH: /bin
PATH: /opt/COMPSs/Runtime/scripts/user
PATH: /opt/COMPSs/Runtime/scripts/utils
PATH: /opt/COMPSs/Bindings/c/bin
PATH: /usr/lib/mit/bin
PATH: /usr/lib/mit/sbin
PATH: /usr/lib64/mpi/gcc/openmpi/bin/
PATH: /home/jorgee/go/bin
PATH: /home/jorgee/.local/bin
PATH: /home/jorgee/Shared/Projects/Exaqute/github/Kratos/bin/Release/
PATH: /usr/lib64/mpi/gcc/openmpi/bin/
PATH: /home/jorgee/go/bin
PATH: /home/jorgee/.local/bin
PATH: /home/jorgee/Shared/Projects/Exaqute/github/Kratos/bin/Release/
PATH: /usr/bin
PATH: /usr/x86_64-suse-linux/bin


## ----------- ##
## Core tests. ##
## ----------- ##

configure:2186: loading site script /usr/share/site/x86_64-unknown-linux-gnu
| #!/bin/sh
| # Site script for configure. It is resourced via $CONFIG_SITE environment varaible.
| 
| # If user did not specify libdir, guess the correct target:
| # Use lib64 for 64 bit bi-arch targets, keep the default for the rest.
| if test "$libdir" = '${exec_prefix}/lib' ; then
| 
| 	ac_config_site_64bit_host=NONE
| 
| 	case "$host" in
| 	"" )
| 		# User did not specify host target.
| 		# The native platform x86_64 is a bi-arch platform.
| 		# Try to detect cross-compilation to inferior architecture.
| 
| 		# We are trying to guess 32-bit target compilation. It's not as easy as
| 		# it sounds, as there is possible several intermediate combinations.
| 		ac_config_site_cross_to_32bit_host=NONE
| 
| 		# User defined -m32 in CFLAGS or CXXFLAGS or CC or CXX:
| 		# (It's sufficient for 32-bit, but alone may cause mis-behavior of some checks.)
| 		case "$CFLAGS $CXXFLAGS $CC $CXX" in
| 		*-m32*)
| 			ac_config_site_cross_to_32bit_host=YES
| 			;;
| 		esac
| 
| 		# Running with linux32:
| 		# (Changes detected platform, but not the toolchain target.)
| 		case "`/bin/uname -i`" in
| 		x86_64 | ppc64 | s390x | aarch64 )
| 			;;
| 		* )
| 			ac_config_site_cross_to_32bit_host=YES
| 			;;
| 		esac
| 
| 		if test "x$ac_config_site_cross_to_32bit_host" = xNONE; then
| 			ac_config_site_64bit_host=YES
| 		fi
| 
| 		;;
| 	*x86_64* | *ppc64* | *s390x* | *aarch64* )
| 		ac_config_site_64bit_host=YES
| 		;;
| 	esac
| 
| 	if test "x$ac_config_site_64bit_host" = xYES; then
| 		libdir='${exec_prefix}/lib64'
| 	fi
| fi
| 
| # If user did not specify libexecdir, set the correct target:
| # Nor FHS nor openSUSE allow prefix/libexec. Let's default to prefix/lib.
| 
| if test "$libexecdir" = '${exec_prefix}/libexec' ; then
| 	libexecdir='${exec_prefix}/lib'
| fi
| 
| # Continue with the standard behavior of configure defined in AC_SITE_LOAD:
| if test "x$prefix" != xNONE; then
| 	ac_site_file1=$prefix/share/config.site
| 	ac_site_file2=$prefix/etc/config.site
| else
| 	ac_site_file1=$ac_default_prefix/share/config.site
| 	ac_site_file2=$ac_default_prefix/etc/config.site
| fi
| for ac_site_file in "$ac_site_file1" "$ac_site_file2"
| do
| 	test "x$ac_site_file" = xNONE && continue
| 	if test /dev/null != "$ac_site_file" && test -r "$ac_site_file"; then
| 		{ $as_echo "/usr/share/site/x86_64-unknown-linux-gnu:${as_lineno-$LINENO}: loading site script $ac_site_file" >&5
| $as_echo "/usr/share/site/x86_64-unknown-linux-gnu: loading site script $ac_site_file" >&6;}
| 		sed 's/^/| /' "$ac_site_file" >&5
| 		. "$ac_site_file" \
| 			|| { { $as_echo "/usr/share/site/x86_64-unknown-linux-gnu:${as_lineno-$LINENO}: error: in \`$ac_pwd':" >&5
| $as_echo "/usr/share/site/x86_64-unknown-linux-gnu: error: in \`$ac_pwd':" >&2;}
| as_fn_error $? "failed to load site script $ac_site_file
| See \`config.log' for more details" "$LINENO" 5; }
| 	fi
| done
configure:2329: checking for a BSD-compatible install
configure:2397: result: /usr/bin/install -c
configure:2408: checking whether build environment is sane
configure:2463: result: yes
configure:2614: checking for a thread-safe mkdir -p
configure:2653: result: /usr/bin/mkdir -p
configure:2660: checking for gawk
configure:2676: found /usr/bin/gawk
configure:2687: result: gawk
configure:2698: checking whether make sets $(MAKE)
configure:2720: result: yes
configure:2749: checking whether make supports nested variables
configure:2766: result: yes
configure:2898: checking build system type
configure:2912: result: x86_64-pc-linux-gnu
configure:2932: checking host system type
configure:2945: result: x86_64-pc-linux-gnu
configure:2966: checking if we should activate AIX workarounds
configure:2981: result: no
configure:3035: checking for gcc
configure:3062: result: gcc
configure:3291: checking for C compiler version
configure:3300: gcc --version >&5
gcc (SUSE Linux) 7.4.1 20190905 [gcc-7-branch revision 275407]
Copyright (C) 2017 Free Software Foundation, Inc.
This is free software; see the source for copying conditions.  There is NO
warranty; not even for MERCHANTABILITY or FITNESS FOR A PARTICULAR PURPOSE.

configure:3311: $? = 0
configure:3300: gcc -v >&5
Using built-in specs.
COLLECT_GCC=gcc
COLLECT_LTO_WRAPPER=/usr/lib64/gcc/x86_64-suse-linux/7/lto-wrapper
OFFLOAD_TARGET_NAMES=hsa:nvptx-none
Target: x86_64-suse-linux
Configured with: ../configure --prefix=/usr --infodir=/usr/share/info --mandir=/usr/share/man --libdir=/usr/lib64 --libexecdir=/usr/lib64 --enable-languages=c,c++,objc,fortran,obj-c++,ada,go --enable-offload-targets=hsa,nvptx-none=/usr/nvptx-none, --without-cuda-driver --enable-checking=release --disable-werror --with-gxx-include-dir=/usr/include/c++/7 --enable-ssp --disable-libssp --disable-libvtv --disable-libcc1 --disable-plugin --with-bugurl=https://bugs.opensuse.org/ --with-pkgversion='SUSE Linux' --with-slibdir=/lib64 --with-system-zlib --enable-libstdcxx-allocator=new --disable-libstdcxx-pch --enable-version-specific-runtime-libs --with-gcc-major-version-only --enable-linker-build-id --enable-linux-futex --enable-gnu-indirect-function --program-suffix=-7 --without-system-libunwind --enable-multilib --with-arch-32=x86-64 --with-tune=generic --build=x86_64-suse-linux --host=x86_64-suse-linux
Thread model: posix
gcc version 7.4.1 20190905 [gcc-7-branch revision 275407] (SUSE Linux) 
configure:3311: $? = 0
configure:3300: gcc -V >&5
gcc: error: unrecognized command line option '-V'
gcc: fatal error: no input files
compilation terminated.
configure:3311: $? = 1
configure:3300: gcc -qversion >&5
gcc: error: unrecognized command line option '-qversion'; did you mean '--version'?
gcc: fatal error: no input files
compilation terminated.
configure:3311: $? = 1
configure:3331: checking whether the C compiler works
configure:3353: gcc  -I/home/jorgee/git/compss/framework/tests/sources/sc/apps/c/matmul/matmul_objects/worker/gsbuild   -L. conftest.c  -L/home/jorgee/git/compss/framework/tests/sources/sc/apps/c/matmul/matmul_objects/lib -lmaster -L/home/jorgee/git/compss/framework/tests/sources/sc/apps/c/matmul/matmul_objects/lib -lworker >&5
configure:3357: $? = 0
configure:3405: result: yes
configure:3408: checking for C compiler default output file name
configure:3410: result: a.out
configure:3416: checking for suffix of executables
configure:3423: gcc -o conftest  -I/home/jorgee/git/compss/framework/tests/sources/sc/apps/c/matmul/matmul_objects/worker/gsbuild   -L. conftest.c  -L/home/jorgee/git/compss/framework/tests/sources/sc/apps/c/matmul/matmul_objects/lib -lmaster -L/home/jorgee/git/compss/framework/tests/sources/sc/apps/c/matmul/matmul_objects/lib -lworker >&5
configure:3427: $? = 0
configure:3449: result: 
configure:3471: checking whether we are cross compiling
configure:3479: gcc -o conftest  -I/home/jorgee/git/compss/framework/tests/sources/sc/apps/c/matmul/matmul_objects/worker/gsbuild   -L. conftest.c  -L/home/jorgee/git/compss/framework/tests/sources/sc/apps/c/matmul/matmul_objects/lib -lmaster -L/home/jorgee/git/compss/framework/tests/sources/sc/apps/c/matmul/matmul_objects/lib -lworker >&5
configure:3483: $? = 0
configure:3490: ./conftest
configure:3494: $? = 0
configure:3509: result: no
configure:3514: checking for suffix of object files
configure:3536: gcc -c  -I/home/jorgee/git/compss/framework/tests/sources/sc/apps/c/matmul/matmul_objects/worker/gsbuild  conftest.c >&5
configure:3540: $? = 0
configure:3561: result: o
configure:3565: checking whether we are using the GNU C compiler
configure:3584: gcc -c  -I/home/jorgee/git/compss/framework/tests/sources/sc/apps/c/matmul/matmul_objects/worker/gsbuild  conftest.c >&5
configure:3584: $? = 0
configure:3593: result: yes
configure:3602: checking whether gcc accepts -g
configure:3622: gcc -c -g  conftest.c >&5
configure:3622: $? = 0
configure:3663: result: yes
configure:3680: checking for gcc option to accept ISO C89
configure:3743: gcc  -c  -I/home/jorgee/git/compss/framework/tests/sources/sc/apps/c/matmul/matmul_objects/worker/gsbuild  conftest.c >&5
configure:3743: $? = 0
configure:3756: result: none needed
configure:3781: checking whether gcc understands -c and -o together
configure:3803: gcc -c conftest.c -o conftest2.o
configure:3806: $? = 0
configure:3803: gcc -c conftest.c -o conftest2.o
configure:3806: $? = 0
configure:3818: result: yes
configure:3846: checking for style of include used by make
configure:3874: result: GNU
configure:3900: checking dependency style of gcc
configure:4011: result: gcc3
configure:4138: checking for C++ compiler version
configure:4147: g++ --version >&5
g++ (SUSE Linux) 7.4.1 20190905 [gcc-7-branch revision 275407]
Copyright (C) 2017 Free Software Foundation, Inc.
This is free software; see the source for copying conditions.  There is NO
warranty; not even for MERCHANTABILITY or FITNESS FOR A PARTICULAR PURPOSE.

configure:4158: $? = 0
configure:4147: g++ -v >&5
Using built-in specs.
COLLECT_GCC=g++
COLLECT_LTO_WRAPPER=/usr/lib64/gcc/x86_64-suse-linux/7/lto-wrapper
OFFLOAD_TARGET_NAMES=hsa:nvptx-none
Target: x86_64-suse-linux
Configured with: ../configure --prefix=/usr --infodir=/usr/share/info --mandir=/usr/share/man --libdir=/usr/lib64 --libexecdir=/usr/lib64 --enable-languages=c,c++,objc,fortran,obj-c++,ada,go --enable-offload-targets=hsa,nvptx-none=/usr/nvptx-none, --without-cuda-driver --enable-checking=release --disable-werror --with-gxx-include-dir=/usr/include/c++/7 --enable-ssp --disable-libssp --disable-libvtv --disable-libcc1 --disable-plugin --with-bugurl=https://bugs.opensuse.org/ --with-pkgversion='SUSE Linux' --with-slibdir=/lib64 --with-system-zlib --enable-libstdcxx-allocator=new --disable-libstdcxx-pch --enable-version-specific-runtime-libs --with-gcc-major-version-only --enable-linker-build-id --enable-linux-futex --enable-gnu-indirect-function --program-suffix=-7 --without-system-libunwind --enable-multilib --with-arch-32=x86-64 --with-tune=generic --build=x86_64-suse-linux --host=x86_64-suse-linux
Thread model: posix
gcc version 7.4.1 20190905 [gcc-7-branch revision 275407] (SUSE Linux) 
configure:4158: $? = 0
configure:4147: g++ -V >&5
g++: error: unrecognized command line option '-V'
g++: fatal error: no input files
compilation terminated.
configure:4158: $? = 1
configure:4147: g++ -qversion >&5
g++: error: unrecognized command line option '-qversion'; did you mean '--version'?
g++: fatal error: no input files
compilation terminated.
configure:4158: $? = 1
configure:4162: checking whether we are using the GNU C++ compiler
configure:4181: g++ -c  -I/home/jorgee/git/compss/framework/tests/sources/sc/apps/c/matmul/matmul_objects/worker/gsbuild  conftest.cpp >&5
configure:4181: $? = 0
configure:4190: result: yes
configure:4199: checking whether g++ accepts -g
configure:4219: g++ -c -g  conftest.cpp >&5
configure:4219: $? = 0
configure:4260: result: yes
configure:4285: checking dependency style of g++
configure:4396: result: gcc3
configure:4455: checking for ranlib
configure:4471: found /usr/bin/ranlib
configure:4482: result: ranlib
configure:4512: checking for compss_generator
configure:4543: result: /opt/COMPSs//Bindings/c/bin/compss_generator
configure:4556: checking whether to enable maintainer-specific portions of Makefiles
configure:4565: result: no
configure:4917: checking how to run the C preprocessor
configure:4948: gcc -E -I/opt/COMPSs//Bindings/c/include  conftest.c
configure:4948: $? = 0
configure:4962: gcc -E -I/opt/COMPSs//Bindings/c/include  conftest.c
conftest.c:11:10: fatal error: ac_nonexistent.h: No such file or directory
 #include <ac_nonexistent.h>
          ^~~~~~~~~~~~~~~~~~
compilation terminated.
configure:4962: $? = 1
configure: failed program was:
| /* confdefs.h */
| #define PACKAGE_NAME ""
| #define PACKAGE_TARNAME ""
| #define PACKAGE_VERSION ""
| #define PACKAGE_STRING ""
| #define PACKAGE_BUGREPORT ""
| #define PACKAGE_URL ""
| #define PACKAGE "all"
| #define VERSION "0.0.0"
| /* end confdefs.h.  */
| #include <ac_nonexistent.h>
configure:4987: result: gcc -E
configure:5007: gcc -E -I/opt/COMPSs//Bindings/c/include  conftest.c
configure:5007: $? = 0
configure:5021: gcc -E -I/opt/COMPSs//Bindings/c/include  conftest.c
conftest.c:11:10: fatal error: ac_nonexistent.h: No such file or directory
 #include <ac_nonexistent.h>
          ^~~~~~~~~~~~~~~~~~
compilation terminated.
configure:5021: $? = 1
configure: failed program was:
| /* confdefs.h */
| #define PACKAGE_NAME ""
| #define PACKAGE_TARNAME ""
| #define PACKAGE_VERSION ""
| #define PACKAGE_STRING ""
| #define PACKAGE_BUGREPORT ""
| #define PACKAGE_URL ""
| #define PACKAGE "all"
| #define VERSION "0.0.0"
| /* end confdefs.h.  */
| #include <ac_nonexistent.h>
configure:5050: checking for grep that handles long lines and -e
configure:5108: result: /usr/bin/grep
configure:5113: checking for egrep
configure:5175: result: /usr/bin/grep -E
configure:5180: checking for ANSI C header files
configure:5200: gcc -c  -I/home/jorgee/git/compss/framework/tests/sources/sc/apps/c/matmul/matmul_objects/worker/gsbuild -I/opt/COMPSs//Bindings/c/include  conftest.c >&5
configure:5200: $? = 0
configure:5273: gcc -o conftest  -I/home/jorgee/git/compss/framework/tests/sources/sc/apps/c/matmul/matmul_objects/worker/gsbuild -I/opt/COMPSs//Bindings/c/include   -L. conftest.c  -L/home/jorgee/git/compss/framework/tests/sources/sc/apps/c/matmul/matmul_objects/lib -lmaster -L/home/jorgee/git/compss/framework/tests/sources/sc/apps/c/matmul/matmul_objects/lib -lworker >&5
configure:5273: $? = 0
configure:5273: ./conftest
configure:5273: $? = 0
configure:5284: result: yes
configure:5297: checking for sys/types.h
configure:5297: gcc -c  -I/home/jorgee/git/compss/framework/tests/sources/sc/apps/c/matmul/matmul_objects/worker/gsbuild -I/opt/COMPSs//Bindings/c/include  conftest.c >&5
configure:5297: $? = 0
configure:5297: result: yes
configure:5297: checking for sys/stat.h
configure:5297: gcc -c  -I/home/jorgee/git/compss/framework/tests/sources/sc/apps/c/matmul/matmul_objects/worker/gsbuild -I/opt/COMPSs//Bindings/c/include  conftest.c >&5
configure:5297: $? = 0
configure:5297: result: yes
configure:5297: checking for stdlib.h
configure:5297: gcc -c  -I/home/jorgee/git/compss/framework/tests/sources/sc/apps/c/matmul/matmul_objects/worker/gsbuild -I/opt/COMPSs//Bindings/c/include  conftest.c >&5
configure:5297: $? = 0
configure:5297: result: yes
configure:5297: checking for string.h
configure:5297: gcc -c  -I/home/jorgee/git/compss/framework/tests/sources/sc/apps/c/matmul/matmul_objects/worker/gsbuild -I/opt/COMPSs//Bindings/c/include  conftest.c >&5
configure:5297: $? = 0
configure:5297: result: yes
configure:5297: checking for memory.h
configure:5297: gcc -c  -I/home/jorgee/git/compss/framework/tests/sources/sc/apps/c/matmul/matmul_objects/worker/gsbuild -I/opt/COMPSs//Bindings/c/include  conftest.c >&5
configure:5297: $? = 0
configure:5297: result: yes
configure:5297: checking for strings.h
configure:5297: gcc -c  -I/home/jorgee/git/compss/framework/tests/sources/sc/apps/c/matmul/matmul_objects/worker/gsbuild -I/opt/COMPSs//Bindings/c/include  conftest.c >&5
configure:5297: $? = 0
configure:5297: result: yes
configure:5297: checking for inttypes.h
configure:5297: gcc -c  -I/home/jorgee/git/compss/framework/tests/sources/sc/apps/c/matmul/matmul_objects/worker/gsbuild -I/opt/COMPSs//Bindings/c/include  conftest.c >&5
configure:5297: $? = 0
configure:5297: result: yes
configure:5297: checking for stdint.h
configure:5297: gcc -c  -I/home/jorgee/git/compss/framework/tests/sources/sc/apps/c/matmul/matmul_objects/worker/gsbuild -I/opt/COMPSs//Bindings/c/include  conftest.c >&5
configure:5297: $? = 0
configure:5297: result: yes
configure:5297: checking for unistd.h
configure:5297: gcc -c  -I/home/jorgee/git/compss/framework/tests/sources/sc/apps/c/matmul/matmul_objects/worker/gsbuild -I/opt/COMPSs//Bindings/c/include  conftest.c >&5
configure:5297: $? = 0
configure:5297: result: yes
configure:5312: checking fcntl.h usability
configure:5312: gcc -c  -I/home/jorgee/git/compss/framework/tests/sources/sc/apps/c/matmul/matmul_objects/worker/gsbuild -I/opt/COMPSs//Bindings/c/include  conftest.c >&5
configure:5312: $? = 0
configure:5312: result: yes
configure:5312: checking fcntl.h presence
configure:5312: gcc -E -I/opt/COMPSs//Bindings/c/include  conftest.c
configure:5312: $? = 0
configure:5312: result: yes
configure:5312: checking for fcntl.h
configure:5312: result: yes
configure:5312: checking limits.h usability
configure:5312: gcc -c  -I/home/jorgee/git/compss/framework/tests/sources/sc/apps/c/matmul/matmul_objects/worker/gsbuild -I/opt/COMPSs//Bindings/c/include  conftest.c >&5
configure:5312: $? = 0
configure:5312: result: yes
configure:5312: checking limits.h presence
configure:5312: gcc -E -I/opt/COMPSs//Bindings/c/include  conftest.c
configure:5312: $? = 0
configure:5312: result: yes
configure:5312: checking for limits.h
configure:5312: result: yes
configure:5312: checking for unistd.h
configure:5312: result: yes
configure:5324: checking for an ANSI C-conforming const
configure:5390: gcc -c  -I/home/jorgee/git/compss/framework/tests/sources/sc/apps/c/matmul/matmul_objects/worker/gsbuild -I/opt/COMPSs//Bindings/c/include  conftest.c >&5
configure:5390: $? = 0
configure:5397: result: yes
configure:5405: checking for mode_t
configure:5405: gcc -c  -I/home/jorgee/git/compss/framework/tests/sources/sc/apps/c/matmul/matmul_objects/worker/gsbuild -I/opt/COMPSs//Bindings/c/include  conftest.c >&5
configure:5405: $? = 0
configure:5405: gcc -c  -I/home/jorgee/git/compss/framework/tests/sources/sc/apps/c/matmul/matmul_objects/worker/gsbuild -I/opt/COMPSs//Bindings/c/include  conftest.c >&5
conftest.c: In function 'main':
conftest.c:60:21: error: expected expression before ')' token
 if (sizeof ((mode_t)))
                     ^
configure:5405: $? = 1
configure: failed program was:
| /* confdefs.h */
| #define PACKAGE_NAME ""
| #define PACKAGE_TARNAME ""
| #define PACKAGE_VERSION ""
| #define PACKAGE_STRING ""
| #define PACKAGE_BUGREPORT ""
| #define PACKAGE_URL ""
| #define PACKAGE "all"
| #define VERSION "0.0.0"
| #define STDC_HEADERS 1
| #define HAVE_SYS_TYPES_H 1
| #define HAVE_SYS_STAT_H 1
| #define HAVE_STDLIB_H 1
| #define HAVE_STRING_H 1
| #define HAVE_MEMORY_H 1
| #define HAVE_STRINGS_H 1
| #define HAVE_INTTYPES_H 1
| #define HAVE_STDINT_H 1
| #define HAVE_UNISTD_H 1
| #define HAVE_FCNTL_H 1
| #define HAVE_LIMITS_H 1
| #define HAVE_UNISTD_H 1
| /* end confdefs.h.  */
| #include <stdio.h>
| #ifdef HAVE_SYS_TYPES_H
| # include <sys/types.h>
| #endif
| #ifdef HAVE_SYS_STAT_H
| # include <sys/stat.h>
| #endif
| #ifdef STDC_HEADERS
| # include <stdlib.h>
| # include <stddef.h>
| #else
| # ifdef HAVE_STDLIB_H
| #  include <stdlib.h>
| # endif
| #endif
| #ifdef HAVE_STRING_H
| # if !defined STDC_HEADERS && defined HAVE_MEMORY_H
| #  include <memory.h>
| # endif
| # include <string.h>
| #endif
| #ifdef HAVE_STRINGS_H
| # include <strings.h>
| #endif
| #ifdef HAVE_INTTYPES_H
| # include <inttypes.h>
| #endif
| #ifdef HAVE_STDINT_H
| # include <stdint.h>
| #endif
| #ifdef HAVE_UNISTD_H
| # include <unistd.h>
| #endif
| int
| main ()
| {
| if (sizeof ((mode_t)))
| 	    return 0;
|   ;
|   return 0;
| }
configure:5405: result: yes
configure:5416: checking for size_t
configure:5416: gcc -c  -I/home/jorgee/git/compss/framework/tests/sources/sc/apps/c/matmul/matmul_objects/worker/gsbuild -I/opt/COMPSs//Bindings/c/include  conftest.c >&5
configure:5416: $? = 0
configure:5416: gcc -c  -I/home/jorgee/git/compss/framework/tests/sources/sc/apps/c/matmul/matmul_objects/worker/gsbuild -I/opt/COMPSs//Bindings/c/include  conftest.c >&5
conftest.c: In function 'main':
conftest.c:60:21: error: expected expression before ')' token
 if (sizeof ((size_t)))
                     ^
configure:5416: $? = 1
configure: failed program was:
| /* confdefs.h */
| #define PACKAGE_NAME ""
| #define PACKAGE_TARNAME ""
| #define PACKAGE_VERSION ""
| #define PACKAGE_STRING ""
| #define PACKAGE_BUGREPORT ""
| #define PACKAGE_URL ""
| #define PACKAGE "all"
| #define VERSION "0.0.0"
| #define STDC_HEADERS 1
| #define HAVE_SYS_TYPES_H 1
| #define HAVE_SYS_STAT_H 1
| #define HAVE_STDLIB_H 1
| #define HAVE_STRING_H 1
| #define HAVE_MEMORY_H 1
| #define HAVE_STRINGS_H 1
| #define HAVE_INTTYPES_H 1
| #define HAVE_STDINT_H 1
| #define HAVE_UNISTD_H 1
| #define HAVE_FCNTL_H 1
| #define HAVE_LIMITS_H 1
| #define HAVE_UNISTD_H 1
| /* end confdefs.h.  */
| #include <stdio.h>
| #ifdef HAVE_SYS_TYPES_H
| # include <sys/types.h>
| #endif
| #ifdef HAVE_SYS_STAT_H
| # include <sys/stat.h>
| #endif
| #ifdef STDC_HEADERS
| # include <stdlib.h>
| # include <stddef.h>
| #else
| # ifdef HAVE_STDLIB_H
| #  include <stdlib.h>
| # endif
| #endif
| #ifdef HAVE_STRING_H
| # if !defined STDC_HEADERS && defined HAVE_MEMORY_H
| #  include <memory.h>
| # endif
| # include <string.h>
| #endif
| #ifdef HAVE_STRINGS_H
| # include <strings.h>
| #endif
| #ifdef HAVE_INTTYPES_H
| # include <inttypes.h>
| #endif
| #ifdef HAVE_STDINT_H
| # include <stdint.h>
| #endif
| #ifdef HAVE_UNISTD_H
| # include <unistd.h>
| #endif
| int
| main ()
| {
| if (sizeof ((size_t)))
| 	    return 0;
|   ;
|   return 0;
| }
configure:5416: result: yes
configure:5427: checking return type of signal handlers
configure:5445: gcc -c  -I/home/jorgee/git/compss/framework/tests/sources/sc/apps/c/matmul/matmul_objects/worker/gsbuild -I/opt/COMPSs//Bindings/c/include  conftest.c >&5
conftest.c: In function 'main':
conftest.c:30:10: error: void value not ignored as it ought to be
 return *(signal (0, 0)) (0) == 1;
         ~^~~~~~~~~~~~~~~~~~
configure:5445: $? = 1
configure: failed program was:
| /* confdefs.h */
| #define PACKAGE_NAME ""
| #define PACKAGE_TARNAME ""
| #define PACKAGE_VERSION ""
| #define PACKAGE_STRING ""
| #define PACKAGE_BUGREPORT ""
| #define PACKAGE_URL ""
| #define PACKAGE "all"
| #define VERSION "0.0.0"
| #define STDC_HEADERS 1
| #define HAVE_SYS_TYPES_H 1
| #define HAVE_SYS_STAT_H 1
| #define HAVE_STDLIB_H 1
| #define HAVE_STRING_H 1
| #define HAVE_MEMORY_H 1
| #define HAVE_STRINGS_H 1
| #define HAVE_INTTYPES_H 1
| #define HAVE_STDINT_H 1
| #define HAVE_UNISTD_H 1
| #define HAVE_FCNTL_H 1
| #define HAVE_LIMITS_H 1
| #define HAVE_UNISTD_H 1
| /* end confdefs.h.  */
| #include <sys/types.h>
| #include <signal.h>
| 
| int
| main ()
| {
| return *(signal (0, 0)) (0) == 1;
|   ;
|   return 0;
| }
configure:5452: result: void
configure:5464: checking for putenv
configure:5464: gcc -o conftest  -I/home/jorgee/git/compss/framework/tests/sources/sc/apps/c/matmul/matmul_objects/worker/gsbuild -I/opt/COMPSs//Bindings/c/include   -L. conftest.c  -L/home/jorgee/git/compss/framework/tests/sources/sc/apps/c/matmul/matmul_objects/lib -lmaster -L/home/jorgee/git/compss/framework/tests/sources/sc/apps/c/matmul/matmul_objects/lib -lworker >&5
configure:5464: $? = 0
configure:5464: result: yes
configure:5464: checking for socket
configure:5464: gcc -o conftest  -I/home/jorgee/git/compss/framework/tests/sources/sc/apps/c/matmul/matmul_objects/worker/gsbuild -I/opt/COMPSs//Bindings/c/include   -L. conftest.c  -L/home/jorgee/git/compss/framework/tests/sources/sc/apps/c/matmul/matmul_objects/lib -lmaster -L/home/jorgee/git/compss/framework/tests/sources/sc/apps/c/matmul/matmul_objects/lib -lworker >&5
configure:5464: $? = 0
configure:5464: result: yes
configure:5464: checking for strstr
configure:5464: gcc -o conftest  -I/home/jorgee/git/compss/framework/tests/sources/sc/apps/c/matmul/matmul_objects/worker/gsbuild -I/opt/COMPSs//Bindings/c/include   -L. conftest.c  -L/home/jorgee/git/compss/framework/tests/sources/sc/apps/c/matmul/matmul_objects/lib -lmaster -L/home/jorgee/git/compss/framework/tests/sources/sc/apps/c/matmul/matmul_objects/lib -lworker >&5
conftest.c:50:6: warning: conflicting types for built-in function 'strstr' [-Wbuiltin-declaration-mismatch]
 char strstr ();
      ^~~~~~
configure:5464: $? = 0
configure:5464: result: yes
configure:5464: checking for strtod
configure:5464: gcc -o conftest  -I/home/jorgee/git/compss/framework/tests/sources/sc/apps/c/matmul/matmul_objects/worker/gsbuild -I/opt/COMPSs//Bindings/c/include   -L. conftest.c  -L/home/jorgee/git/compss/framework/tests/sources/sc/apps/c/matmul/matmul_objects/lib -lmaster -L/home/jorgee/git/compss/framework/tests/sources/sc/apps/c/matmul/matmul_objects/lib -lworker >&5
configure:5464: $? = 0
configure:5464: result: yes
configure:5621: checking that generated files are newer than configure
configure:5627: result: done
configure:5674: creating ./config.status

## ---------------------- ##
## Running config.status. ##
## ---------------------- ##

This file was extended by config.status, which was
generated by GNU Autoconf 2.69.  Invocation command line was

  CONFIG_FILES    = 
  CONFIG_HEADERS  = 
  CONFIG_LINKS    = 
  CONFIG_COMMANDS = 
  $ ./config.status 

on linux-rol5

config.status:806: creating Makefile
config.status:978: executing depfiles commands

## ---------------- ##
## Cache variables. ##
## ---------------- ##

ac_cv_build=x86_64-pc-linux-gnu
ac_cv_c_compiler_gnu=yes
ac_cv_c_const=yes
ac_cv_cxx_compiler_gnu=yes
ac_cv_env_CCC_set=
ac_cv_env_CCC_value=
ac_cv_env_CC_set=set
ac_cv_env_CC_value=gcc
ac_cv_env_CFLAGS_set=set
ac_cv_env_CFLAGS_value=' -I/home/jorgee/git/compss/framework/tests/sources/sc/apps/c/matmul/matmul_objects/worker/gsbuild'
ac_cv_env_CPPFLAGS_set=
ac_cv_env_CPPFLAGS_value=
ac_cv_env_CPP_set=
ac_cv_env_CPP_value=
ac_cv_env_CXXFLAGS_set=set
ac_cv_env_CXXFLAGS_value=' -I/home/jorgee/git/compss/framework/tests/sources/sc/apps/c/matmul/matmul_objects/worker/gsbuild'
ac_cv_env_CXX_set=set
ac_cv_env_CXX_value=g++
ac_cv_env_LDFLAGS_set=set
ac_cv_env_LDFLAGS_value=' -L.'
ac_cv_env_LIBS_set=set
ac_cv_env_LIBS_value=' -L/home/jorgee/git/compss/framework/tests/sources/sc/apps/c/matmul/matmul_objects/lib -lmaster -L/home/jorgee/git/compss/framework/tests/sources/sc/apps/c/matmul/matmul_objects/lib -lworker'
ac_cv_env_build_alias_set=
ac_cv_env_build_alias_value=
ac_cv_env_host_alias_set=
ac_cv_env_host_alias_value=
ac_cv_env_target_alias_set=
ac_cv_env_target_alias_value=
ac_cv_func_putenv=yes
ac_cv_func_socket=yes
ac_cv_func_strstr=yes
ac_cv_func_strtod=yes
ac_cv_header_fcntl_h=yes
ac_cv_header_inttypes_h=yes
ac_cv_header_limits_h=yes
ac_cv_header_memory_h=yes
ac_cv_header_stdc=yes
ac_cv_header_stdint_h=yes
ac_cv_header_stdlib_h=yes
ac_cv_header_string_h=yes
ac_cv_header_strings_h=yes
ac_cv_header_sys_stat_h=yes
ac_cv_header_sys_types_h=yes
ac_cv_header_unistd_h=yes
ac_cv_host=x86_64-pc-linux-gnu
ac_cv_objext=o
ac_cv_path_COMPSSGEN=/opt/COMPSs//Bindings/c/bin/compss_generator
ac_cv_path_EGREP='/usr/bin/grep -E'
ac_cv_path_GREP=/usr/bin/grep
ac_cv_path_install='/usr/bin/install -c'
ac_cv_path_mkdir=/usr/bin/mkdir
ac_cv_prog_AWK=gawk
ac_cv_prog_CPP='gcc -E'
ac_cv_prog_ac_ct_CC=gcc
ac_cv_prog_ac_ct_RANLIB=ranlib
ac_cv_prog_cc_c89=
ac_cv_prog_cc_g=yes
ac_cv_prog_cxx_g=yes
ac_cv_prog_make_make_set=yes
ac_cv_type_mode_t=yes
ac_cv_type_signal=void
ac_cv_type_size_t=yes
am_cv_CC_dependencies_compiler_type=gcc3
am_cv_CXX_dependencies_compiler_type=gcc3
am_cv_make_support_nested_variables=yes
am_cv_prog_cc_c_o=yes

## ----------------- ##
## Output variables. ##
## ----------------- ##

ACLOCAL='${SHELL} /home/jorgee/git/compss/framework/tests/sources/sc/apps/c/matmul/matmul_objects/worker/gsbuild/missing aclocal-1.15'
AMDEPBACKSLASH='\'
AMDEP_FALSE='#'
AMDEP_TRUE=''
AMTAR='$${TAR-tar}'
AM_BACKSLASH='\'
AM_DEFAULT_V='$(AM_DEFAULT_VERBOSITY)'
AM_DEFAULT_VERBOSITY='1'
AM_V='$(V)'
AUTOCONF='${SHELL} /home/jorgee/git/compss/framework/tests/sources/sc/apps/c/matmul/matmul_objects/worker/gsbuild/missing autoconf'
AUTOHEADER='${SHELL} /home/jorgee/git/compss/framework/tests/sources/sc/apps/c/matmul/matmul_objects/worker/gsbuild/missing autoheader'
AUTOMAKE='${SHELL} /home/jorgee/git/compss/framework/tests/sources/sc/apps/c/matmul/matmul_objects/worker/gsbuild/missing automake-1.15'
AWK='gawk'
CC='gcc'
CCDEPMODE='depmode=gcc3'
CFLAGS=' -I/home/jorgee/git/compss/framework/tests/sources/sc/apps/c/matmul/matmul_objects/worker/gsbuild'
COMPSSGEN='/opt/COMPSs//Bindings/c/bin/compss_generator'
CPP='gcc -E'
CPPFLAGS='-I/opt/COMPSs//Bindings/c/include '
CUDAOMPSS2_FALSE=''
CUDAOMPSS2_TRUE='#'
CUDAOMPSS_FALSE=''
CUDAOMPSS_TRUE='#'
CXX='g++'
CXXDEPMODE='depmode=gcc3'
CXXFLAGS=' -I/home/jorgee/git/compss/framework/tests/sources/sc/apps/c/matmul/matmul_objects/worker/gsbuild'
CYGPATH_W='echo'
DEFS='-DPACKAGE_NAME=\"\" -DPACKAGE_TARNAME=\"\" -DPACKAGE_VERSION=\"\" -DPACKAGE_STRING=\"\" -DPACKAGE_BUGREPORT=\"\" -DPACKAGE_URL=\"\" -DPACKAGE=\"all\" -DVERSION=\"0.0.0\" -DSTDC_HEADERS=1 -DHAVE_SYS_TYPES_H=1 -DHAVE_SYS_STAT_H=1 -DHAVE_STDLIB_H=1 -DHAVE_STRING_H=1 -DHAVE_MEMORY_H=1 -DHAVE_STRINGS_H=1 -DHAVE_INTTYPES_H=1 -DHAVE_STDINT_H=1 -DHAVE_UNISTD_H=1 -DHAVE_FCNTL_H=1 -DHAVE_LIMITS_H=1 -DHAVE_UNISTD_H=1 -DRETSIGTYPE=void -DHAVE_PUTENV=1 -DHAVE_SOCKET=1 -DHAVE_STRSTR=1 -DHAVE_STRTOD=1'
DEPDIR='.deps'
ECHO_C=''
ECHO_N='-n'
ECHO_T=''
EGREP='/usr/bin/grep -E'
EXEEXT=''
GREP='/usr/bin/grep'
INSTALL_DATA='${INSTALL} -m 644'
INSTALL_PROGRAM='${INSTALL}'
INSTALL_SCRIPT='${INSTALL}'
INSTALL_STRIP_PROGRAM='$(install_sh) -c -s'
IS_AIX=''
LDFLAGS=' -L.'
LIBOBJS=''
LIBS=' -L/home/jorgee/git/compss/framework/tests/sources/sc/apps/c/matmul/matmul_objects/lib -lmaster -L/home/jorgee/git/compss/framework/tests/sources/sc/apps/c/matmul/matmul_objects/lib -lworker'
LTLIBOBJS=''
MAINT='#'
MAINTAINER_MODE_FALSE=''
MAINTAINER_MODE_TRUE='#'
MAKEINFO='${SHELL} /home/jorgee/git/compss/framework/tests/sources/sc/apps/c/matmul/matmul_objects/worker/gsbuild/missing makeinfo'
MKDIR_P='/usr/bin/mkdir -p'
OBJEXT='o'
OMPSS2_FALSE=''
OMPSS2_TRUE='#'
OMPSS_FALSE=''
OMPSS_TRUE='#'
PACKAGE='all'
PACKAGE_BUGREPORT=''
PACKAGE_NAME=''
PACKAGE_STRING=''
PACKAGE_TARNAME=''
PACKAGE_URL=''
PACKAGE_VERSION=''
PATH_SEPARATOR=':'
RANLIB='ranlib'
SET_MAKE=''
SHELL='/bin/sh'
STRIP=''
VERSION='0.0.0'
ac_ct_CC='gcc'
ac_ct_CXX=''
am__EXEEXT_FALSE=''
am__EXEEXT_TRUE='#'
am__fastdepCC_FALSE='#'
am__fastdepCC_TRUE=''
am__fastdepCXX_FALSE='#'
am__fastdepCXX_TRUE=''
am__include='include'
am__isrc=''
am__leading_dot='.'
am__nodep='_no'
am__quote=''
am__tar='$${TAR-tar} chof - "$$tardir"'
am__untar='$${TAR-tar} xf -'
bindir='${exec_prefix}/bin'
build='x86_64-pc-linux-gnu'
build_alias=''
build_cpu='x86_64'
build_os='linux-gnu'
build_vendor='pc'
datadir='${datarootdir}'
datarootdir='${prefix}/share'
docdir='${datarootdir}/doc/${PACKAGE}'
dvidir='${docdir}'
exec_prefix='${prefix}'
host='x86_64-pc-linux-gnu'
host_alias=''
host_cpu='x86_64'
host_os='linux-gnu'
host_vendor='pc'
htmldir='${docdir}'
includedir='${prefix}/include'
infodir='${datarootdir}/info'
install_sh='${SHELL} /home/jorgee/git/compss/framework/tests/sources/sc/apps/c/matmul/matmul_objects/worker/gsbuild/install-sh'
libdir='${exec_prefix}/lib64'
libexecdir='${exec_prefix}/lib'
localedir='${datarootdir}/locale'
localstatedir='${prefix}/var'
mandir='${datarootdir}/man'
mkdir_p='$(MKDIR_P)'
oldincludedir='/usr/include'
pdfdir='${docdir}'
prefix='/usr/local'
program_transform_name='s,x,x,'
psdir='${docdir}'
sbindir='${exec_prefix}/sbin'
sharedstatedir='${prefix}/com'
sysconfdir='${prefix}/etc'
target_alias=''

## ----------- ##
## confdefs.h. ##
## ----------- ##

/* confdefs.h */
#define PACKAGE_NAME ""
#define PACKAGE_TARNAME ""
#define PACKAGE_VERSION ""
#define PACKAGE_STRING ""
#define PACKAGE_BUGREPORT ""
#define PACKAGE_URL ""
#define PACKAGE "all"
#define VERSION "0.0.0"
#define STDC_HEADERS 1
#define HAVE_SYS_TYPES_H 1
#define HAVE_SYS_STAT_H 1
#define HAVE_STDLIB_H 1
#define HAVE_STRING_H 1
#define HAVE_MEMORY_H 1
#define HAVE_STRINGS_H 1
#define HAVE_INTTYPES_H 1
#define HAVE_STDINT_H 1
#define HAVE_UNISTD_H 1
#define HAVE_FCNTL_H 1
#define HAVE_LIMITS_H 1
#define HAVE_UNISTD_H 1
#define RETSIGTYPE void
#define HAVE_PUTENV 1
#define HAVE_SOCKET 1
#define HAVE_STRSTR 1
#define HAVE_STRTOD 1

configure: exit 0
